Using pre-set license
Built from 'trunk' branch; Version is '2021.2.0a5 (4a734693b889) revision 4879174'; Using compiler version '192829333'; Build Type 'Release'
OS: 'Windows 10 Pro; OS build 19041.928; Version 2004; 64bit' Language: 'bg' Physical Memory: 16041 MB
BatchMode: 1, IsHumanControllingUs: 0, StartBugReporterOnCrash: 0, Is64bit: 1, IsPro: 0

 COMMAND LINE ARGUMENTS:
C:\Program Files\Unity\Hub\Editor\2021.2.0a5\Editor\Unity.exe
-adb2
-batchMode
-noUpm
-name
AssetImportWorker0
-projectPath
D:/IT/185/BudiVBezopasnost
-logFile
Logs/AssetImportWorker0.log
-srvPort
61535
Successfully changed project path to: D:/IT/185/BudiVBezopasnost
D:/IT/185/BudiVBezopasnost
Using Asset Import Pipeline V2.
Refreshing native plugins compatible for Editor in 141.54 ms, found 2 plugins.
Preloading 0 native plugins for Editor in 0.00 ms.
Initialize engine version: 2021.2.0a5 (4a734693b889)
[Subsystems] Discovering subsystems at path C:/Program Files/Unity/Hub/Editor/2021.2.0a5/Editor/Data/Resources/UnitySubsystems
[Subsystems] Discovering subsystems at path D:/IT/185/BudiVBezopasnost/Assets
GfxDevice: creating device client; threaded=0; jobified=0
Direct3D:
    Version:  Direct3D 11.0 [level 11.0]
    Renderer: NVIDIA Quadro K1100M (ID=0xff6)
    Vendor:   NVIDIA
    VRAM:     2018 MB
    Driver:   22.21.13.8573
Initialize mono
Mono path[0] = 'C:/Program Files/Unity/Hub/Editor/2021.2.0a5/Editor/Data/Managed'
Mono path[1] = 'C:/Program Files/Unity/Hub/Editor/2021.2.0a5/Editor/Data/MonoBleedingEdge/lib/mono/unityjit'
Mono config path = 'C:/Program Files/Unity/Hub/Editor/2021.2.0a5/Editor/Data/MonoBleedingEdge/etc'
Using monoOptions --debugger-agent=transport=dt_socket,embedding=1,server=y,suspend=n,address=127.0.0.1:56024
Begin MonoManager ReloadAssembly
Registering precompiled unity dll's ...
Register platform support module: C:/Program Files/Unity/Hub/Editor/2021.2.0a5/Editor/Data/PlaybackEngines/WindowsStandaloneSupport/UnityEditor.WindowsStandalone.Extensions.dll
Registered in 0.004868 seconds.
Native extension for WindowsStandalone target not found
Refreshing native plugins compatible for Editor in 121.45 ms, found 2 plugins.
Preloading 0 native plugins for Editor in 0.00 ms.
Mono: successfully reloaded assembly
- Completed reload, in  3.621 seconds
Platform modules already initialized, skipping
Registering precompiled user dll's ...
Registered in 0.003302 seconds.
Begin MonoManager ReloadAssembly
Native extension for WindowsStandalone target not found
Refreshing native plugins compatible for Editor in 114.75 ms, found 2 plugins.
Preloading 0 native plugins for Editor in 0.00 ms.
Mono: successfully reloaded assembly
- Completed reload, in  1.764 seconds
Platform modules already initialized, skipping
========================================================================
Worker process is ready to serve import requests
Launched and connected shader compiler UnityShaderCompiler.exe after 0.05 seconds
Refreshing native plugins compatible for Editor in 0.82 ms, found 2 plugins.
Preloading 0 native plugins for Editor in 0.00 ms.
Unloading 3402 Unused Serialized files (Serialized files now loaded: 0)
System memory in use before: 129.1 MB.
System memory in use after: 129.2 MB.

Unloading 28 unused Assets to reduce memory usage. Loaded Objects now: 3860.
Total: 4.198000 ms (FindLiveObjects: 0.485100 ms CreateObjectMapping: 0.403600 ms MarkObjects: 3.157800 ms  DeleteObjects: 0.150400 ms)

========================================================================
Received Import Request.
  path: Assets/Square150x150Logo.scale-200.png
  artifactKey: Guid(4129cde0c64557c4bbba7e6b2a4c90be) Importer(815301076,1909f56bfc062723c751e8b465ee728b)
Start importing Assets/Square150x150Logo.scale-200.png using Guid(4129cde0c64557c4bbba7e6b2a4c90be) Importer(815301076,1909f56bfc062723c751e8b465ee728b)  -> (artifact id: '3ab6b10947633f5ebb812c69f53f31f8') in 0.195552 seconds 
========================================================================
Received Import Request.
  Time since last request: 0.000282 seconds.
  path: Assets/Square44x44Logo.targetsize-24_altform-unplated.png
  artifactKey: Guid(ba4e4c325f6e5e545a8970d45e98bae5) Importer(815301076,1909f56bfc062723c751e8b465ee728b)
Start importing Assets/Square44x44Logo.targetsize-24_altform-unplated.png using Guid(ba4e4c325f6e5e545a8970d45e98bae5) Importer(815301076,1909f56bfc062723c751e8b465ee728b)  -> (artifact id: '1434fc49b1016732402c5be29c17535b') in 0.019826 seconds 
========================================================================
Received Import Request.
  Time since last request: 0.000281 seconds.
  path: Assets/SplashScreen.scale-200.png
  artifactKey: Guid(e1b8280546d0a484f9624071a5547db5) Importer(815301076,1909f56bfc062723c751e8b465ee728b)
Start importing Assets/SplashScreen.scale-200.png using Guid(e1b8280546d0a484f9624071a5547db5) Importer(815301076,1909f56bfc062723c751e8b465ee728b)  -> (artifact id: '778b789fd5870c9f203f012869e61533') in 0.085842 seconds 
========================================================================
Received Import Request.
  Time since last request: 0.000269 seconds.
  path: Assets/StoreLogo.png
  artifactKey: Guid(32bb47904b78f77468da1abf6203f60d) Importer(815301076,1909f56bfc062723c751e8b465ee728b)
Start importing Assets/StoreLogo.png using Guid(32bb47904b78f77468da1abf6203f60d) Importer(815301076,1909f56bfc062723c751e8b465ee728b)  -> (artifact id: 'db6425cec7df4533428091277fbf1694') in 0.019385 seconds 
========================================================================
Received Import Request.
  Time since last request: 0.000275 seconds.
  path: Assets/Square44x44Logo.targetsize-24.png
  artifactKey: Guid(4e642dc0a1d8437449fc69042475a89b) Importer(815301076,1909f56bfc062723c751e8b465ee728b)
Start importing Assets/Square44x44Logo.targetsize-24.png using Guid(4e642dc0a1d8437449fc69042475a89b) Importer(815301076,1909f56bfc062723c751e8b465ee728b)  -> (artifact id: '95e41fed746a48ea4ccd8f7cc08e153c') in 0.015841 seconds 
========================================================================
Received Import Request.
  Time since last request: 0.000290 seconds.
  path: Assets/Square44x44Logo.scale-200.png
  artifactKey: Guid(6ce02d439a23a2b47bd0016d83317c82) Importer(815301076,1909f56bfc062723c751e8b465ee728b)
Start importing Assets/Square44x44Logo.scale-200.png using Guid(6ce02d439a23a2b47bd0016d83317c82) Importer(815301076,1909f56bfc062723c751e8b465ee728b)  -> (artifact id: '89ed19b6d75bc2191d9fb02b1fd84ea1') in 0.020414 seconds 
========================================================================
Received Import Request.
  Time since last request: 0.000281 seconds.
  path: Assets/Wide310x150Logo.scale-200.png
  artifactKey: Guid(61e3182c05801ba4aa48b738f3004f68) Importer(815301076,1909f56bfc062723c751e8b465ee728b)
Start importing Assets/Wide310x150Logo.scale-200.png using Guid(61e3182c05801ba4aa48b738f3004f68) Importer(815301076,1909f56bfc062723c751e8b465ee728b)  -> (artifact id: '10cb68a997395273cfc4f02d433e9e6f') in 0.034339 seconds 
========================================================================
Received Prepare
Registering precompiled user dll's ...
Registered in 0.009032 seconds.
Begin MonoManager ReloadAssembly
Native extension for WindowsStandalone target not found
Refreshing native plugins compatible for Editor in 2.28 ms, found 2 plugins.
Preloading 0 native plugins for Editor in 0.00 ms.
Mono: successfully reloaded assembly
- Completed reload, in  3.959 seconds
Platform modules already initialized, skipping
Refreshing native plugins compatible for Editor in 1.50 ms, found 2 plugins.
Preloading 0 native plugins for Editor in 0.00 ms.
Unloading 3404 Unused Serialized files (Serialized files now loaded: 0)
System memory in use before: 136.8 MB.
System memory in use after: 136.9 MB.

Unloading 17 unused Assets to reduce memory usage. Loaded Objects now: 3985.
Total: 9.453000 ms (FindLiveObjects: 0.990600 ms CreateObjectMapping: 0.634100 ms MarkObjects: 7.491500 ms  DeleteObjects: 0.333500 ms)

========================================================================
Received Import Request.
  Time since last request: 151.659470 seconds.
  path: Assets/Scenes/AuthorsInfo.unity
  artifactKey: Guid(55332215190f27e48b1315b550011fc8) Importer(815301076,1909f56bfc062723c751e8b465ee728b)
Start importing Assets/Scenes/AuthorsInfo.unity using Guid(55332215190f27e48b1315b550011fc8) Importer(815301076,1909f56bfc062723c751e8b465ee728b)  -> (artifact id: '0af07876cce8330dc1b3b2523f54fcbd') in 0.026208 seconds 
========================================================================
Received Import Request.
  Time since last request: 3.763622 seconds.
  path: Assets/Scenes/GamesFirstGrade.unity
  artifactKey: Guid(c6cc16a1670da154ba3f1e059d0d01f2) Importer(815301076,1909f56bfc062723c751e8b465ee728b)
Start importing Assets/Scenes/GamesFirstGrade.unity using Guid(c6cc16a1670da154ba3f1e059d0d01f2) Importer(815301076,1909f56bfc062723c751e8b465ee728b)  -> (artifact id: 'dbf1cf1728a375cf22fb785f6910ad53') in 0.008639 seconds 
========================================================================
Received Import Request.
  Time since last request: 0.793139 seconds.
  path: Assets/Scenes/GamesKidsMenu.unity
  artifactKey: Guid(03d54da21518dda43ac9adfae8dfea96) Importer(815301076,1909f56bfc062723c751e8b465ee728b)
Start importing Assets/Scenes/GamesKidsMenu.unity using Guid(03d54da21518dda43ac9adfae8dfea96) Importer(815301076,1909f56bfc062723c751e8b465ee728b)  -> (artifact id: 'b9f60bcfac8851a13438c020f2664353') in 0.009078 seconds 
AssetImportWorkerClient::OnTransportError - code=2 error=End of file
